<?xml version="1.0" encoding="UTF-8" ?>
<testsuite tests="6" failures="0" name="hellocucumber.RunCucumberTest" time="2.088" errors="0" skipped="0">
  <properties>
[...]
</properties>
  <testcase classname="Is it Friday yet?" name="Sunday isn&apos;t Friday" time="0.134"/>
  <testcase classname="Is it Friday yet?" name="Friday is Friday" time="0"/>
  <testcase classname="Is it Friday yet?" name="Today is or is not Friday #1" time="0.009"/>
  <testcase classname="Is it Friday yet?" name="Today is or is not Friday #2" time="0.004"/>
  <testcase classname="Is it Friday yet?" name="Today is or is not Friday #3" time="0.005"/>
  <testcase classname="Demonstrate the use of various browsers in a Selenium Grid setup" name="Visit useragentstring.com using Chrome browser" time="1.936"/>
</testsuite>